[debug] [2025-05-07T19:21:25.356Z] ----------------------------------------------------------------------
[debug] [2025-05-07T19:21:25.360Z] Command:       C:\Program Files\nodejs\node.exe C:\Users\guill\AppData\Roaming\npm\node_modules\firebase-tools\lib\bin\firebase.js init
[debug] [2025-05-07T19:21:25.361Z] CLI Version:   14.2.2
[debug] [2025-05-07T19:21:25.361Z] Platform:      win32
[debug] [2025-05-07T19:21:25.361Z] Node Version:  v20.13.1
[debug] [2025-05-07T19:21:25.361Z] Time:          Wed May 07 2025 13:21:25 GMT-0600 (hora estándar central)
[debug] [2025-05-07T19:21:25.362Z] ----------------------------------------------------------------------
[debug] 
[debug] [2025-05-07T19:21:25.370Z] > command requires scopes: ["email","openid","https://www.googleapis.com/auth/cloudplatformprojects.readonly","https://www.googleapis.com/auth/firebase","https://www.googleapis.com/auth/cloud-platform"]
[debug] [2025-05-07T19:21:25.371Z] > authorizing via signed-in user (diegojimher27@gmail.com)
[info] 
     ######## #### ########  ######## ########     ###     ######  ########
     ##        ##  ##     ## ##       ##     ##  ##   ##  ##       ##
     ######    ##  ########  ######   ########  #########  ######  ######
     ##        ##  ##    ##  ##       ##     ## ##     ##       ## ##
     ##       #### ##     ## ######## ########  ##     ##  ######  ########

You're about to initialize a Firebase project in this directory:

  C:\Users\guill\OneDrive\Documentos\INM\backend

[info] 
=== Project Setup
[info] 
[info] First, let's associate this project directory with a Firebase project.
[info] You can create multiple project aliases by running firebase use --add, 
[info] but for now we'll just set up a default project.
[info] 
[debug] [2025-05-07T19:23:25.927Z] Checked if tokens are valid: true, expires at: 1746649087329
[debug] [2025-05-07T19:23:25.927Z] Checked if tokens are valid: true, expires at: 1746649087329
[debug] [2025-05-07T19:23:25.929Z] >>> [apiv2][query] GET https://firebase.googleapis.com/v1beta1/projects pageSize=100
[debug] [2025-05-07T19:23:28.348Z] <<< [apiv2][status] GET https://firebase.googleapis.com/v1beta1/projects 200
[debug] [2025-05-07T19:23:28.348Z] <<< [apiv2][body] GET https://firebase.googleapis.com/v1beta1/projects [omitted]
[info] i  Using project control-operativo-16270 (control-operativo) 
[info] 
=== Hosting Setup
[debug] [2025-05-07T19:23:57.289Z] Checked if tokens are valid: true, expires at: 1746649087329
[debug] [2025-05-07T19:23:57.289Z] Checked if tokens are valid: true, expires at: 1746649087329
[debug] [2025-05-07T19:23:57.290Z] >>> [apiv2][query] GET https://firebase.googleapis.com/v1beta1/projects/control-operativo-16270 [none]
[debug] [2025-05-07T19:24:00.762Z] <<< [apiv2][status] GET https://firebase.googleapis.com/v1beta1/projects/control-operativo-16270 200
[debug] [2025-05-07T19:24:00.762Z] <<< [apiv2][body] GET https://firebase.googleapis.com/v1beta1/projects/control-operativo-16270 {"projectId":"control-operativo-16270","projectNumber":"767018007394","displayName":"control-operativo","name":"projects/control-operativo-16270","resources":{"hostingSite":"control-operativo-16270"},"state":"ACTIVE","etag":"1_a6d31019-19e0-46fb-9253-17142126f346"}
[info] 
[info] Your public directory is the folder (relative to your project directory) that
[info] will contain Hosting assets to be uploaded with firebase deploy. If you
[info] have a build process for your assets, use your build's output directory.
[info] 
